1166 [main] [[1;34mINFO[m] Scanning for projects...
1489 [main] [[1;34mINFO[m] [1m------------------------------------------------------------------------[m
1489 [main] [[1;34mINFO[m] [1mReactor Build Order:[m
1489 [main] [[1;34mINFO[m] 
1492 [main] [[1;34mINFO[m] Muikku Parent                                                      [pom]
1492 [main] [[1;34mINFO[m] Muikku Openfire REST client                                        [jar]
1492 [main] [[1;34mINFO[m] Muikku BOM                                                         [pom]
1492 [main] [[1;34mINFO[m] Muikku Persistence                                                 [jar]
1492 [main] [[1;34mINFO[m] Muikku Core                                                        [jar]
1493 [main] [[1;34mINFO[m] Muikku Debug Tools                                                 [jar]
1493 [main] [[1;34mINFO[m] Muikku Plugin                                                      [jar]
1493 [main] [[1;34mINFO[m] Muikku Core Plugins Persistence                                    [jar]
1493 [main] [[1;34mINFO[m] Muikku forum plugin REST model                                     [jar]
1493 [main] [[1;34mINFO[m] Muikku Pyramus School data persistence                             [jar]
1493 [main] [[1;34mINFO[m] Muikku Pyramus plugin                                              [jar]
1494 [main] [[1;34mINFO[m] Muikku REST                                                        [jar]
1494 [main] [[1;34mINFO[m] Muikku Core Plugins                                                [jar]
1494 [main] [[1;34mINFO[m] Muikku Elastic Search plugin                                       [jar]
1494 [main] [[1;34mINFO[m] Muikku plugin that provides HSQLDB support                         [jar]
1494 [main] [[1;34mINFO[m] Muikku Google OAuth plugin                                         [jar]
1494 [main] [[1;34mINFO[m] Muikku Pyramus OAuth plugin                                        [jar]
1494 [main] [[1;34mINFO[m] Muikku plugin that provides dummy mail bridge                      [jar]
1494 [main] [[1;34mINFO[m] Muikku plugin that provides a JNDI mail bridge                     [jar]
1495 [main] [[1;34mINFO[m] Muikku timed notifications plugin                                  [jar]
1495 [main] [[1;34mINFO[m] Muikku                                                             [war]
1495 [main] [[1;34mINFO[m] Muikku developer tools                                             [jar]
1495 [main] [[1;34mINFO[m] Muikku Acceptance tests plugin rest model                          [jar]
1495 [main] [[1;34mINFO[m] Muikku atests                                                      [jar]
1495 [main] [[1;34mINFO[m] Muikku Acceptance tests plugin                                     [jar]
1507 [main] [[1;34mINFO[m] 
1507 [main] [[1;34mINFO[m] [1m-------------------< [0;36mfi.otavanopisto.muikku:parent[0;1m >--------------------[m
1508 [main] [[1;34mINFO[m] [1mBuilding Muikku Parent 1.1.211-SNAPSHOT                           [1/25][m
1508 [main] [[1;34mINFO[m] [1m--------------------------------[ pom ]---------------------------------[m
1564 [main] [[1;34mINFO[m] 
1565 [main] [[1;34mINFO[m] [1m--- [0;32mmaven-clean-plugin:2.5:clean[m [1m(default-clean)[m @ [36mparent[0;1m ---[m
1706 [main] [[1;34mINFO[m] 
1706 [main] [[1;34mINFO[m] [1m------------< [0;36mfi.otavanopisto.muikku:openfire-rest-client[0;1m >-------------[m
1706 [main] [[1;34mINFO[m] [1mBuilding Muikku Openfire REST client 1.1.211-SNAPSHOT             [2/25][m
1706 [main] [[1;34mINFO[m] [1m--------------------------------[ jar ]---------------------------------[m
1997 [main] [[1;34mINFO[m] 
1997 [main] [[1;34mINFO[m] [1m--- [0;32mmaven-clean-plugin:2.5:clean[m [1m(default-clean)[m @ [36mopenfire-rest-client[0;1m ---[m
1999 [main] [[1;34mINFO[m] Deleting C:\development\git\muikku\muikku-openfire-rest-client\target
2018 [main] [[1;34mINFO[m] 
2018 [main] [[1;34mINFO[m] [1m--- [0;32mmaven-resources-plugin:2.6:resources[m [1m(default-resources)[m @ [36mopenfire-rest-client[0;1m ---[m
2344 [main] [[1;34mINFO[m] Using 'UTF-8' encoding to copy filtered resources.
2344 [main] [[1;34mINFO[m] skip non existing resourceDirectory C:\development\git\muikku\muikku-openfire-rest-client\src\main\resources
2346 [main] [[1;34mINFO[m] 
2346 [main] [[1;34mINFO[m] [1m--- [0;32mmaven-compiler-plugin:3.1:compile[m [1m(default-compile)[m @ [36mopenfire-rest-client[0;1m ---[m
2903 [main] [[1;34mINFO[m] Changes detected - recompiling the module!
2916 [main] [[1;34mINFO[m] Compiling 21 source files to C:\development\git\muikku\muikku-openfire-rest-client\target\classes
3013 [main] [[1;34mINFO[m] [1m------------------------------------------------------------------------[m
3013 [main] [[1;34mINFO[m] [1mReactor Summary for Muikku Parent 1.1.211-SNAPSHOT:[m
3013 [main] [[1;34mINFO[m] 
3014 [main] [[1;34mINFO[m] Muikku Parent ...................................... [1;32mSUCCESS[m [  0.198 s]
3014 [main] [[1;34mINFO[m] Muikku Openfire REST client ........................ [1;31mFAILURE[m [  1.307 s]
3014 [main] [[1;34mINFO[m] Muikku BOM ......................................... [1;33mSKIPPED[m
3014 [main] [[1;34mINFO[m] Muikku Persistence ................................. [1;33mSKIPPED[m
3014 [main] [[1;34mINFO[m] Muikku Core ........................................ [1;33mSKIPPED[m
3015 [main] [[1;34mINFO[m] Muikku Debug Tools ................................. [1;33mSKIPPED[m
3015 [main] [[1;34mINFO[m] Muikku Plugin ...................................... [1;33mSKIPPED[m
3015 [main] [[1;34mINFO[m] Muikku Core Plugins Persistence .................... [1;33mSKIPPED[m
3015 [main] [[1;34mINFO[m] Muikku forum plugin REST model ..................... [1;33mSKIPPED[m
3015 [main] [[1;34mINFO[m] Muikku Pyramus School data persistence ............. [1;33mSKIPPED[m
3015 [main] [[1;34mINFO[m] Muikku Pyramus plugin .............................. [1;33mSKIPPED[m
3015 [main] [[1;34mINFO[m] Muikku REST ........................................ [1;33mSKIPPED[m
3015 [main] [[1;34mINFO[m] Muikku Core Plugins ................................ [1;33mSKIPPED[m
3015 [main] [[1;34mINFO[m] Muikku Elastic Search plugin ....................... [1;33mSKIPPED[m
3015 [main] [[1;34mINFO[m] Muikku plugin that provides HSQLDB support ......... [1;33mSKIPPED[m
3016 [main] [[1;34mINFO[m] Muikku Google OAuth plugin ......................... [1;33mSKIPPED[m
3016 [main] [[1;34mINFO[m] Muikku Pyramus OAuth plugin ........................ [1;33mSKIPPED[m
3016 [main] [[1;34mINFO[m] Muikku plugin that provides dummy mail bridge ...... [1;33mSKIPPED[m
3016 [main] [[1;34mINFO[m] Muikku plugin that provides a JNDI mail bridge ..... [1;33mSKIPPED[m
3016 [main] [[1;34mINFO[m] Muikku timed notifications plugin .................. [1;33mSKIPPED[m
3016 [main] [[1;34mINFO[m] Muikku ............................................. [1;33mSKIPPED[m
3016 [main] [[1;34mINFO[m] Muikku developer tools ............................. [1;33mSKIPPED[m
3016 [main] [[1;34mINFO[m] Muikku Acceptance tests plugin rest model .......... [1;33mSKIPPED[m
3016 [main] [[1;34mINFO[m] Muikku atests ...................................... [1;33mSKIPPED[m
3016 [main] [[1;34mINFO[m] Muikku Acceptance tests plugin ..................... [1;33mSKIPPED[m
3016 [main] [[1;34mINFO[m] [1m------------------------------------------------------------------------[m
3017 [main] [[1;34mINFO[m] [1;31mBUILD FAILURE[m
3017 [main] [[1;34mINFO[m] [1m------------------------------------------------------------------------[m
3017 [main] [[1;34mINFO[m] Total time:  1.883 s
3017 [main] [[1;34mINFO[m] Finished at: 2023-09-01T12:29:51+03:00
3017 [main] [[1;34mINFO[m] [1m------------------------------------------------------------------------[m
3019 [main] [[1;31mERROR[m] Failed to execute goal [32morg.apache.maven.plugins:maven-compiler-plugin:3.1:compile[m [1m(default-compile)[m on project [36mopenfire-rest-client[m: [1;31mFatal error compiling[m: invalid target release: 11 -> [1m[Help 1][m
3020 [main] [[1;31mERROR[m] 
3020 [main] [[1;31mERROR[m] To see the full stack trace of the errors, re-run Maven with the [1m-e[m switch.
3020 [main] [[1;31mERROR[m] Re-run Maven using the [1m-X[m switch to enable full debug logging.
3020 [main] [[1;31mERROR[m] 
3020 [main] [[1;31mERROR[m] For more information about the errors and possible solutions, please read the following articles:
3020 [main] [[1;31mERROR[m] [1m[Help 1][m http://cwiki.apache.org/confluence/display/MAVEN/MojoExecutionException
3020 [main] [[1;31mERROR[m] 
3020 [main] [[1;31mERROR[m] After correcting the problems, you can resume the build with the command
3020 [main] [[1;31mERROR[m]   [1mmvn <args> -rf :openfire-rest-client[m
